\BOOKMARK [0][-]{chapter.1}{\376\377\000C\000o\000m\000p\000i\000l\000i\000n\000g\000\040\000X\000N\000S}{}% 1
\BOOKMARK [0][-]{chapter.2}{\376\377\000U\000s\000e\000r\000\040\000p\000a\000r\000a\000m\000e\000t\000e\000r\000s}{}% 2
\BOOKMARK [1][-]{section.2.1}{\376\377\000C\000o\000n\000v\000e\000r\000g\000e\000n\000c\000e}{chapter.2}% 3
\BOOKMARK [1][-]{section.2.2}{\376\377\000G\000r\000i\000d}{chapter.2}% 4
\BOOKMARK [1][-]{section.2.3}{\376\377\000P\000r\000i\000n\000t\000i\000n\000g\000\040\000o\000u\000t\000p\000u\000t\000s\000\040\000a\000n\000d\000\040\000f\000i\000l\000e\000s}{chapter.2}% 5
\BOOKMARK [1][-]{section.2.4}{\376\377\000R\000o\000t\000a\000t\000i\000o\000n}{chapter.2}% 6
\BOOKMARK [1][-]{section.2.5}{\376\377\000M\000a\000g\000n\000e\000t\000i\000c\000\040\000f\000i\000e\000l\000d}{chapter.2}% 7
\BOOKMARK [1][-]{section.2.6}{\376\377\000I\000n\000i\000t\000i\000a\000l\000\040\000c\000o\000n\000d\000i\000t\000i\000o\000n\000s}{chapter.2}% 8
\BOOKMARK [1][-]{section.2.7}{\376\377\000E\000q\000u\000a\000t\000i\000o\000n\000\040\000o\000f\000\040\000s\000t\000a\000t\000e}{chapter.2}% 9
\BOOKMARK [1][-]{section.2.8}{\376\377\000S\000c\000a\000l\000a\000r\000\040\000f\000i\000e\000l\000d}{chapter.2}% 10
\BOOKMARK [1][-]{section.2.9}{\376\377\000O\000t\000h\000e\000r}{chapter.2}% 11
\BOOKMARK [0][-]{chapter.3}{\376\377\000A\000r\000r\000a\000y\000s}{}% 12
\BOOKMARK [1][-]{section.3.1}{\376\377\000G\000r\000i\000d}{chapter.3}% 13
\BOOKMARK [1][-]{section.3.2}{\376\377\000M\000e\000t\000r\000i\000c}{chapter.3}% 14
\BOOKMARK [1][-]{section.3.3}{\376\377\000M\000H\000D}{chapter.3}% 15
\BOOKMARK [1][-]{section.3.4}{\376\377\000S\000c\000a\000l\000a\000r\000\040\000f\000i\000e\000l\000d}{chapter.3}% 16
\BOOKMARK [1][-]{section.3.5}{\376\377\000S\000o\000u\000r\000c\000e\000\040\000t\000e\000r\000m\000s}{chapter.3}% 17
\BOOKMARK [0][-]{chapter.4}{\376\377\000F\000i\000l\000e\000s\000\040\000a\000n\000d\000\040\000o\000u\000t\000p\000u\000t\000s}{}% 18
\BOOKMARK [1][-]{section.4.1}{\376\377\000F\000i\000l\000e\000s}{chapter.4}% 19
\BOOKMARK [1][-]{section.4.2}{\376\377\000O\000u\000t\000p\000u\000t\000s}{chapter.4}% 20
\BOOKMARK [1][-]{section.4.3}{\376\377\000V\000i\000s\000u\000a\000l\000i\000s\000a\000t\000i\000o\000n}{chapter.4}% 21
\BOOKMARK [0][-]{chapter.5}{\376\377\000E\000x\000a\000m\000p\000l\000e\000s\000\040\000i\000n\000\040\000G\000R}{}% 22
\BOOKMARK [1][-]{section.5.1}{\376\377\000R\000o\000t\000a\000t\000i\000n\000g\000,\000\040\000u\000n\000m\000a\000g\000n\000e\000t\000i\000s\000e\000d\000\040\000N\000S\000\040\000i\000n\000\040\000G\000R\000\040\000w\000i\000t\000h\000\040\000t\000h\000e\000\040\000?\000?\000?\000\040\000E\000o\000S}{chapter.5}% 23
\BOOKMARK [1][-]{section.5.2}{\376\377\000R\000o\000t\000a\000t\000i\000n\000g\000,\000\040\000m\000a\000g\000n\000e\000t\000i\000s\000e\000d\000\040\000N\000S\000\040\000i\000n\000\040\000G\000R\000\040\000w\000i\000t\000h\000\040\000t\000h\000e\000\040\000?\000?\000?\000\040\000E\000o\000S}{chapter.5}% 24
\BOOKMARK [0][-]{chapter.6}{\376\377\000E\000x\000a\000m\000p\000l\000e\000s\000\040\000i\000n\000\040\000S\000T\000T\000s}{}% 25
\BOOKMARK [1][-]{section.6.1}{\376\377\000N\000o\000n\000-\000r\000o\000t\000a\000t\000i\000n\000g\000,\000\040\000u\000n\000m\000a\000g\000n\000e\000t\000i\000s\000e\000d\000\040\000N\000S\000\040\000i\000n\000\040\000S\000T\000T\000\040\000w\000i\000t\000h\000\040\000t\000h\000e\000\040\000A\000P\000R\000\040\000E\000o\000S}{chapter.6}% 26
\BOOKMARK [1][-]{section.6.2}{\376\377\000N\000o\000n\000-\000r\000o\000t\000a\000t\000i\000n\000g\000\040\000N\000S\000\040\000i\000n\000\040\000S\000T\000T\000\040\000w\000i\000t\000h\000\040\000t\000h\000e\000\040\000A\000P\000R\000\040\000E\000o\000S\000\040\000a\000n\000d\000\040\000a\000\040\000p\000u\000r\000e\000l\000y\000\040\000p\000o\000l\000o\000i\000d\000a\000l\000\040\000m\000a\000g\000n\000e\000t\000i\000c\000\040\000f\000i\000e\000l\000d}{chapter.6}% 27
\BOOKMARK [1][-]{section.6.3}{\376\377\000N\000o\000n\000-\000r\000o\000t\000a\000t\000i\000n\000g\000\040\000N\000S\000\040\000i\000n\000\040\000S\000T\000T\000\040\000w\000i\000t\000h\000\040\000t\000h\000e\000\040\000A\000P\000R\000\040\000E\000o\000S\000\040\000a\000n\000d\000\040\000a\000\040\000p\000u\000r\000e\000l\000y\000\040\000t\000o\000r\000o\000i\000d\000a\000l\000\040\000m\000a\000g\000n\000e\000t\000i\000c\000\040\000f\000i\000e\000l\000d}{chapter.6}% 28
\BOOKMARK [1][-]{section.6.4}{\376\377\000N\000o\000n\000-\000r\000o\000t\000a\000t\000i\000n\000g\000,\000\040\000u\000n\000m\000a\000g\000n\000e\000t\000i\000s\000e\000d\000\040\000N\000S\000\040\000i\000n\000\040\000S\000T\000T\000\040\000w\000i\000t\000h\000\040\000t\000h\000e\000\040\000P\000O\000L\0002\000\040\000E\000o\000S}{chapter.6}% 29
\BOOKMARK [1][-]{section.6.5}{\376\377\000N\000o\000n\000-\000r\000o\000t\000a\000t\000i\000n\000g\000\040\000N\000S\000\040\000i\000n\000\040\000S\000T\000T\000\040\000w\000i\000t\000h\000\040\000t\000h\000e\000\040\000P\000O\000L\0002\000\040\000E\000o\000S\000\040\000a\000n\000d\000\040\000a\000\040\000p\000u\000r\000e\000l\000y\000\040\000p\000o\000l\000o\000i\000d\000a\000l\000\040\000m\000a\000g\000n\000e\000t\000i\000c\000\040\000f\000i\000e\000l\000d}{chapter.6}% 30
\BOOKMARK [1][-]{section.6.6}{\376\377\000N\000o\000n\000-\000r\000o\000t\000a\000t\000i\000n\000g\000\040\000N\000S\000\040\000i\000n\000\040\000S\000T\000T\000\040\000w\000i\000t\000h\000\040\000t\000h\000e\000\040\000P\000O\000L\0002\000\040\000E\000o\000S\000\040\000a\000n\000d\000\040\000a\000\040\000p\000u\000r\000e\000l\000y\000\040\000t\000o\000r\000o\000i\000d\000a\000l\000\040\000m\000a\000g\000n\000e\000t\000i\000c\000\040\000f\000i\000e\000l\000d}{chapter.6}% 31
\BOOKMARK [0][-]{chapter.7}{\376\377\000I\000n\000d\000i\000c\000e\000s\000\040\000a\000n\000d\000\040\000t\000a\000b\000l\000e\000s}{}% 32
