This is pdfTeX, Version 3.141592653-2.6-1.40.22 (TeX Live 2021/MacPorts 2021.58693_2) (preloaded format=pdflatex 2022.4.4)  31 JAN 2024 13:58
entering extended mode
 restricted \write18 enabled.
 %&-line parsing enabled.
**xns.tex
(./xns.tex
LaTeX2e <2020-10-01> patch level 4
L3 programming layer <2021-02-18> (./sphinxmanual.cls
Document Class: sphinxmanual 2019/12/01 v2.3.0 Document class (Sphinx manual)
(/opt/local/share/texmf-texlive/tex/latex/base/report.cls
Document Class: report 2020/04/10 v1.4m Standard LaTeX document class
(/opt/local/share/texmf-texlive/tex/latex/base/size10.clo
File: size10.clo 2020/04/10 v1.4m Standard LaTeX file (size option)
)
\c@part=\count179
\c@chapter=\count180
\c@section=\count181
\c@subsection=\count182
\c@subsubsection=\count183
\c@paragraph=\count184
\c@subparagraph=\count185
\c@figure=\count186
\c@table=\count187
\abovecaptionskip=\skip47
\belowcaptionskip=\skip48
\bibindent=\dimen138
)
LaTeX Info: Redefining \and on input line 35.
)
(/opt/local/share/texmf-texlive/tex/latex/base/inputenc.sty
Package: inputenc 2020/08/01 v1.3d Input encoding file
\inpenc@prehook=\toks15
\inpenc@posthook=\toks16
)
   defining Unicode char U+00A0 (decimal 160)
   defining Unicode char U+2500 (decimal 9472)
   defining Unicode char U+2502 (decimal 9474)
   defining Unicode char U+2514 (decimal 9492)
   defining Unicode char U+251C (decimal 9500)
   defining Unicode char U+2572 (decimal 9586)

(/opt/local/share/texmf-texlive/tex/latex/cmap/cmap.sty
Package: cmap 2021/02/06 v1.0j CMap support: searchable PDF
)
(/opt/local/share/texmf-texlive/tex/latex/base/fontenc.sty
Package: fontenc 2020/08/10 v2.0s Standard LaTeX package
<<t1.cmap>>)
(/opt/local/share/texmf-texlive/tex/latex/amsmath/amsmath.sty
Package: amsmath 2020/09/23 v2.17i AMS math features
\@mathmargin=\skip49

For additional information on amsmath, use the `?' option.
(/opt/local/share/texmf-texlive/tex/latex/amsmath/amstext.sty
Package: amstext 2000/06/29 v2.01 AMS text

(/opt/local/share/texmf-texlive/tex/latex/amsmath/amsgen.sty
File: amsgen.sty 1999/11/30 v2.0 generic functions
\@emptytoks=\toks17
\ex@=\dimen139
))
(/opt/local/share/texmf-texlive/tex/latex/amsmath/amsbsy.sty
Package: amsbsy 1999/11/29 v1.2d Bold Symbols
\pmbraise@=\dimen140
)
(/opt/local/share/texmf-texlive/tex/latex/amsmath/amsopn.sty
Package: amsopn 2016/03/08 v2.02 operator names
)
\inf@bad=\count188
LaTeX Info: Redefining \frac on input line 234.
\uproot@=\count189
\leftroot@=\count190
LaTeX Info: Redefining \overline on input line 399.
\classnum@=\count191
\DOTSCASE@=\count192
LaTeX Info: Redefining \ldots on input line 496.
LaTeX Info: Redefining \dots on input line 499.
LaTeX Info: Redefining \cdots on input line 620.
\Mathstrutbox@=\box47
\strutbox@=\box48
\big@size=\dimen141
LaTeX Font Info:    Redeclaring font encoding OML on input line 743.
LaTeX Font Info:    Redeclaring font encoding OMS on input line 744.
\macc@depth=\count193
\c@MaxMatrixCols=\count194
\dotsspace@=\muskip16
\c@parentequation=\count195
\dspbrk@lvl=\count196
\tag@help=\toks18
\row@=\count197
\column@=\count198
\maxfields@=\count199
\andhelp@=\toks19
\eqnshift@=\dimen142
\alignsep@=\dimen143
\tagshift@=\dimen144
\tagwidth@=\dimen145
\totwidth@=\dimen146
\lineht@=\dimen147
\@envbody=\toks20
\multlinegap=\skip50
\multlinetaggap=\skip51
\mathdisplay@stack=\toks21
LaTeX Info: Redefining \[ on input line 2923.
LaTeX Info: Redefining \] on input line 2924.
)
(/opt/local/share/texmf-texlive/tex/latex/amsfonts/amssymb.sty
Package: amssymb 2013/01/14 v3.01 AMS font symbols

(/opt/local/share/texmf-texlive/tex/latex/amsfonts/amsfonts.sty
Package: amsfonts 2013/01/14 v3.01 Basic AMSFonts support
\symAMSa=\mathgroup4
\symAMSb=\mathgroup5
LaTeX Font Info:    Redeclaring math symbol \hbar on input line 98.
LaTeX Font Info:    Overwriting math alphabet `\mathfrak' in version `bold'
(Font)                  U/euf/m/n --> U/euf/b/n on input line 106.
))
(/opt/local/share/texmf-texlive/tex/generic/babel/babel.sty
Package: babel 2021/03/24 3.56 The Babel package

(/opt/local/share/texmf-texlive/tex/generic/babel/babel.def
File: babel.def 2021/03/24 3.56 Babel common definitions
\babel@savecnt=\count266
\U@D=\dimen148
\l@babelnohyphens=\language3

(/opt/local/share/texmf-texlive/tex/generic/babel/txtbabel.def)
\bbl@readstream=\read2
)
\bbl@dirlevel=\count267

(/opt/local/share/texmf-texlive/tex/generic/babel-english/english.ldf
Language: english 2017/06/06 v3.3r English support from the babel system
Package babel Info: \l@british = using hyphenrules for english
(babel)             (\language0) on input line 82.
Package babel Info: \l@UKenglish = using hyphenrules for english
(babel)             (\language0) on input line 83.
Package babel Info: \l@canadian = using hyphenrules for english
(babel)             (\language0) on input line 102.
Package babel Info: \l@australian = using hyphenrules for english
(babel)             (\language0) on input line 105.
Package babel Info: \l@newzealand = using hyphenrules for english
(babel)             (\language0) on input line 108.
))
(/opt/local/share/texmf-texlive/tex/latex/tex-gyre/tgtermes.sty
Package: tgtermes 2009/09/27 v1.2 TeX Gyre Termes as default roman family

(/opt/local/share/texmf-texlive/tex/latex/kvoptions/kvoptions.sty
Package: kvoptions 2020-10-07 v3.14 Key value format for package options (HO)

(/opt/local/share/texmf-texlive/tex/latex/graphics/keyval.sty
Package: keyval 2014/10/28 v1.15 key=value parser (DPC)
\KV@toks@=\toks22
)
(/opt/local/share/texmf-texlive/tex/generic/ltxcmds/ltxcmds.sty
Package: ltxcmds 2020-05-10 v1.25 LaTeX kernel commands for general use (HO)
)
(/opt/local/share/texmf-texlive/tex/generic/kvsetkeys/kvsetkeys.sty
Package: kvsetkeys 2019/12/15 v1.18 Key value parser (HO)
)))
(/opt/local/share/texmf-texlive/tex/latex/tex-gyre/tgheros.sty
Package: tgheros 2009/09/27 v1.2 TeX Gyre Heros as default sans serif family
)
(/opt/local/share/texmf-texlive/tex/latex/fncychap/fncychap.sty
Package: fncychap 2007/07/30 v1.34 LaTeX package (Revised chapters)
\RW=\skip52
\mylen=\skip53
\myhi=\skip54
\px=\skip55
\py=\skip56
\pyy=\skip57
\pxx=\skip58
\c@AlphaCnt=\count268
\c@AlphaDecCnt=\count269
) (./sphinx.sty
Package: sphinx 2023/03/19 v6.2.0 LaTeX package (Sphinx markup)

(/opt/local/share/texmf-texlive/tex/latex/xcolor/xcolor.sty
Package: xcolor 2016/05/11 v2.12 LaTeX color extensions (UK)

(/opt/local/share/texmf-texlive/tex/latex/graphics-cfg/color.cfg
File: color.cfg 2016/01/02 v1.6 sample color configuration
)
Package xcolor Info: Driver file: pdftex.def on input line 225.

(/opt/local/share/texmf-texlive/tex/latex/graphics-def/pdftex.def
File: pdftex.def 2020/10/05 v1.2a Graphics/color driver for pdftex
)
Package xcolor Info: Model `cmy' substituted by `cmy0' on input line 1348.
Package xcolor Info: Model `hsb' substituted by `rgb' on input line 1352.
Package xcolor Info: Model `RGB' extended on input line 1364.
Package xcolor Info: Model `HTML' substituted by `rgb' on input line 1366.
Package xcolor Info: Model `Hsb' substituted by `hsb' on input line 1367.
Package xcolor Info: Model `tHsb' substituted by `hsb' on input line 1368.
Package xcolor Info: Model `HSB' substituted by `hsb' on input line 1369.
Package xcolor Info: Model `Gray' substituted by `gray' on input line 1370.
Package xcolor Info: Model `wave' substituted by `hsb' on input line 1371.
)
(./sphinxoptionshyperref.sty
File: sphinxoptionshyperref.sty 2021/01/27 hyperref
) (./sphinxoptionsgeometry.sty
File: sphinxoptionsgeometry.sty 2021/01/27 geometry
)
(/opt/local/share/texmf-texlive/tex/latex/base/textcomp.sty
Package: textcomp 2020/02/02 v2.0n Standard LaTeX package
)
(/opt/local/share/texmf-texlive/tex/latex/float/float.sty
Package: float 2001/11/08 v1.3d Float enhancements (AL)
\c@float@type=\count270
\float@exts=\toks23
\float@box=\box49
\@float@everytoks=\toks24
\@floatcapt=\box50
)
(/opt/local/share/texmf-texlive/tex/latex/wrapfig/wrapfig.sty
\wrapoverhang=\dimen149
\WF@size=\dimen150
\c@WF@wrappedlines=\count271
\WF@box=\box51
\WF@everypar=\toks25
Package: wrapfig 2003/01/31  v 3.6
)
(/opt/local/share/texmf-texlive/tex/latex/capt-of/capt-of.sty
Package: capt-of 2009/12/29 v0.2 standard captions outside of floats
)
(/opt/local/share/texmf-texlive/tex/latex/tools/multicol.sty
Package: multicol 2019/12/09 v1.8y multicolumn formatting (FMi)
\c@tracingmulticols=\count272
\mult@box=\box52
\multicol@leftmargin=\dimen151
\c@unbalance=\count273
\c@collectmore=\count274
\doublecol@number=\count275
\multicoltolerance=\count276
\multicolpretolerance=\count277
\full@width=\dimen152
\page@free=\dimen153
\premulticols=\dimen154
\postmulticols=\dimen155
\multicolsep=\skip59
\multicolbaselineskip=\skip60
\partial@page=\box53
\last@line=\box54
\maxbalancingoverflow=\dimen156
\mult@rightbox=\box55
\mult@grightbox=\box56
\mult@gfirstbox=\box57
\mult@firstbox=\box58
\@tempa=\box59
\@tempa=\box60
\@tempa=\box61
\@tempa=\box62
\@tempa=\box63
\@tempa=\box64
\@tempa=\box65
\@tempa=\box66
\@tempa=\box67
\@tempa=\box68
\@tempa=\box69
\@tempa=\box70
\@tempa=\box71
\@tempa=\box72
\@tempa=\box73
\@tempa=\box74
\@tempa=\box75
\@tempa=\box76
\@tempa=\box77
\@tempa=\box78
\@tempa=\box79
\@tempa=\box80
\@tempa=\box81
\@tempa=\box82
\@tempa=\box83
\@tempa=\box84
\@tempa=\box85
\@tempa=\box86
\@tempa=\box87
\@tempa=\box88
\@tempa=\box89
\@tempa=\box90
\@tempa=\box91
\@tempa=\box92
\@tempa=\box93
\@tempa=\box94
\@tempa=\box95
\c@minrows=\count278
\c@columnbadness=\count279
\c@finalcolumnbadness=\count280
\last@try=\dimen157
\multicolovershoot=\dimen158
\multicolundershoot=\dimen159
\mult@nat@firstbox=\box96
\colbreak@box=\box97
\mc@col@check@num=\count281
)
(/opt/local/share/texmf-texlive/tex/latex/graphics/graphicx.sty
Package: graphicx 2020/09/09 v1.2b Enhanced LaTeX Graphics (DPC,SPQR)

(/opt/local/share/texmf-texlive/tex/latex/graphics/graphics.sty
Package: graphics 2020/08/30 v1.4c Standard LaTeX Graphics (DPC,SPQR)

(/opt/local/share/texmf-texlive/tex/latex/graphics/trig.sty
Package: trig 2016/01/03 v1.10 sin cos tan (DPC)
)
(/opt/local/share/texmf-texlive/tex/latex/graphics-cfg/graphics.cfg
File: graphics.cfg 2016/06/04 v1.11 sample graphics configuration
)
Package graphics Info: Driver file: pdftex.def on input line 105.
)
\Gin@req@height=\dimen160
\Gin@req@width=\dimen161
)
(./sphinxlatexgraphics.sty
File: sphinxlatexgraphics.sty 2021/01/27 graphics
\spx@image@maxheight=\dimen162
\spx@image@box=\box98
) (./sphinxpackageboxes.sty
Package: sphinxpackageboxes 2023/03/19 v6.2.0 advanced colored boxes

(/opt/local/share/texmf-texlive/tex/latex/pict2e/pict2e.sty
Package: pict2e 2020/09/30 v0.4b Improved picture commands (HjG,RN,JT)

(/opt/local/share/texmf-texlive/tex/latex/pict2e/pict2e.cfg
File: pict2e.cfg 2016/02/05 v0.1u pict2e configuration for teTeX/TeXLive
)
Package pict2e Info: Driver file: pdftex.def on input line 112.
Package pict2e Info: Driver file for pict2e: p2e-pdftex.def on input line 114.

(/opt/local/share/texmf-texlive/tex/latex/pict2e/p2e-pdftex.def
File: p2e-pdftex.def 2016/02/05 v0.1u Driver-dependant file (RN,HjG,JT)
)
\pIIe@GRAPH=\toks26
\@arclen=\dimen163
\@arcrad=\dimen164
\pIIe@tempdima=\dimen165
\pIIe@tempdimb=\dimen166
\pIIe@tempdimc=\dimen167
\pIIe@tempdimd=\dimen168
\pIIe@tempdime=\dimen169
\pIIe@tempdimf=\dimen170
)
(/opt/local/share/texmf-texlive/tex/latex/ellipse/ellipse.sty
Package: ellipse 2004/11/05 v1.0 .dtx ellipse file
)
\@tempdimd=\dimen171
\spx@tempboxa=\box99
\spx@tempboxb=\box100
\spx@boxes@border=\dimen172
\spx@boxes@border@top=\dimen173
\spx@boxes@border@right=\dimen174
\spx@boxes@border@bottom=\dimen175
\spx@boxes@border@left=\dimen176
\spx@boxes@padding@top=\dimen177
\spx@boxes@padding@right=\dimen178
\spx@boxes@padding@bottom=\dimen179
\spx@boxes@padding@left=\dimen180
\spx@boxes@shadow@xoffset=\dimen181
\spx@boxes@shadow@yoffset=\dimen182
\spx@boxes@radius@topleft@x=\dimen183
\spx@boxes@radius@topright@x=\dimen184
\spx@boxes@radius@bottomright@x=\dimen185
\spx@boxes@radius@bottomleft@x=\dimen186
\spx@boxes@radius@topleft@y=\dimen187
\spx@boxes@radius@topright@y=\dimen188
\spx@boxes@radius@bottomright@y=\dimen189
\spx@boxes@radius@bottomleft@y=\dimen190
)
(./sphinxlatexadmonitions.sty
File: sphinxlatexadmonitions.sty 2023/03/19 admonitions

(/opt/local/share/texmf-texlive/tex/latex/framed/framed.sty
Package: framed 2011/10/22 v 0.96: framed or shaded text with page breaks
\OuterFrameSep=\skip61
\fb@frw=\dimen191
\fb@frh=\dimen192
\FrameRule=\dimen193
\FrameSep=\dimen194
)
\spx@notice@border=\dimen195
)
(./sphinxlatexliterals.sty
File: sphinxlatexliterals.sty 2023/04/01 code-blocks and parsed literals

(/opt/local/share/texmf-texlive/tex/latex/fancyvrb/fancyvrb.sty
Package: fancyvrb 2021/01/20 v3.7 verbatim text (tvz,hv)
\FV@CodeLineNo=\count282
\FV@InFile=\read3
\FV@TabBox=\box101
\c@FancyVerbLine=\count283
\FV@StepNumber=\count284
\FV@OutFile=\write3
)
(/opt/local/share/texmf-texlive/tex/latex/base/alltt.sty
Package: alltt 1997/06/16 v2.0g defines alltt environment
)
(/opt/local/share/texmf-texlive/tex/latex/upquote/upquote.sty
Package: upquote 2012/04/19 v1.3 upright-quote and grave-accent glyphs in verba
tim
)
(/opt/local/share/texmf-texlive/tex/latex/needspace/needspace.sty
Package: needspace 2010/09/12 v1.3d reserve vertical space
)
\sphinxcontinuationbox=\box102
\sphinxvisiblespacebox=\box103
\sphinxVerbatim@TitleBox=\box104
\sphinxVerbatim@ContentsBox=\box105
)
(./sphinxlatexshadowbox.sty
File: sphinxlatexshadowbox.sty 2023/03/19 sphinxShadowBox
) (./sphinxlatexcontainers.sty
File: sphinxlatexcontainers.sty 2021/05/03 containers
)
(./sphinxhighlight.sty
Package: sphinxhighlight 2022/06/30 stylesheet for highlighting with pygments
) (./sphinxlatextables.sty
File: sphinxlatextables.sty 2022/08/15 tables

(/opt/local/share/texmf-texlive/tex/latex/tabulary/tabulary.sty
Package: tabulary 2014/06/11 v0.10 tabulary package (DPC)

(/opt/local/share/texmf-texlive/tex/latex/tools/array.sty
Package: array 2020/10/01 v2.5c Tabular extension package (FMi)
\col@sep=\dimen196
\ar@mcellbox=\box106
\extrarowheight=\dimen197
\NC@list=\toks27
\extratabsurround=\skip62
\backup@length=\skip63
\ar@cellbox=\box107
)
\TY@count=\count285
\TY@linewidth=\dimen198
\tymin=\dimen199
\tymax=\dimen256
\TY@tablewidth=\dimen257
)
(/opt/local/share/texmf-texlive/tex/latex/tools/longtable.sty
Package: longtable 2020/01/07 v4.13 Multi-page Table package (DPC)
\LTleft=\skip64
\LTright=\skip65
\LTpre=\skip66
\LTpost=\skip67
\LTchunksize=\count286
\LTcapwidth=\dimen258
\LT@head=\box108
\LT@firsthead=\box109
\LT@foot=\box110
\LT@lastfoot=\box111
\LT@cols=\count287
\LT@rows=\count288
\c@LT@tables=\count289
\c@LT@chunks=\count290
\LT@p@ftn=\toks28
)
(/opt/local/share/texmf-texlive/tex/latex/varwidth/varwidth.sty
Package: varwidth 2009/03/30 ver 0.92;  Variable-width minipages
\@vwid@box=\box112
\sift@deathcycles=\count291
\@vwid@loff=\dimen259
\@vwid@roff=\dimen260
)
\sphinx@TY@tablewidth=\dimen261

(/opt/local/share/texmf-texlive/tex/latex/colortbl/colortbl.sty
Package: colortbl 2020/01/04 v1.0e Color table columns (DPC)
\everycr=\toks29
\minrowclearance=\skip68
)
\rownum=\count292

(/opt/local/share/texmf-texlive/tex/latex/booktabs/booktabs.sty
Package: booktabs 2020/01/12 v1.61803398 Publication quality tables
\heavyrulewidth=\dimen262
\lightrulewidth=\dimen263
\cmidrulewidth=\dimen264
\belowrulesep=\dimen265
\belowbottomsep=\dimen266
\aboverulesep=\dimen267
\abovetopsep=\dimen268
\cmidrulesep=\dimen269
\cmidrulekern=\dimen270
\defaultaddspace=\dimen271
\@cmidla=\count293
\@cmidlb=\count294
\@aboverulesep=\dimen272
\@belowrulesep=\dimen273
\@thisruleclass=\count295
\@lastruleclass=\count296
\@thisrulewidth=\dimen274
))
(./sphinxlatexnumfig.sty
File: sphinxlatexnumfig.sty 2021/01/27 numbering
) (./sphinxlatexlists.sty
File: sphinxlatexlists.sty 2021/12/20 lists
\spx@lineitemlabel=\toks30
)
\c@sphinxscope=\count297
 (./sphinxpackagefootnote.sty
Package: sphinxpackagefootnote 2022/08/15 v5.3.0 Sphinx custom footnotehyper pa
ckage (Sphinx team)
\FNH@notes=\box113
\FNH@toks=\toks31
\FNH@width=\dimen275
\c@sphinxfootnotemark=\count298
) (./sphinxlatexindbibtoc.sty
File: sphinxlatexindbibtoc.sty 2021/01/27 index, bib., toc

(/opt/local/share/texmf-texlive/tex/latex/base/makeidx.sty
Package: makeidx 2014/09/29 v1.0m Standard LaTeX package
))
(./sphinxlatexstylepage.sty
File: sphinxlatexstylepage.sty 2021/01/27 page styling

(/opt/local/share/texmf-texlive/tex/latex/parskip/parskip.sty
Rollback for package 'parskip' requested -> version 'v1'.
         This corresponds to the release introduced on 2001-04-09.

(/opt/local/share/texmf-texlive/tex/latex/parskip/parskip-2001-04-09.sty
Package: parskip 2001/04/09 non-zero parskip adjustments
))
(/opt/local/share/texmf-texlive/tex/latex/fancyhdr/fancyhdr.sty
Package: fancyhdr 2021/01/28 v4.0.1 Extensive control of page headers and foote
rs
\f@nch@headwidth=\skip69
\f@nch@O@elh=\skip70
\f@nch@O@erh=\skip71
\f@nch@O@olh=\skip72
\f@nch@O@orh=\skip73
\f@nch@O@elf=\skip74
\f@nch@O@erf=\skip75
\f@nch@O@olf=\skip76
\f@nch@O@orf=\skip77
))
(./sphinxlatexstyleheadings.sty
File: sphinxlatexstyleheadings.sty 2023/02/11 headings

(/opt/local/share/texmf-texlive/tex/latex/titlesec/titlesec.sty
Package: titlesec 2019/10/16 v2.13 Sectioning titles
\ttl@box=\box114
\beforetitleunit=\skip78
\aftertitleunit=\skip79
\ttl@plus=\dimen276
\ttl@minus=\dimen277
\ttl@toksa=\toks32
\titlewidth=\dimen278
\titlewidthlast=\dimen279
\titlewidthfirst=\dimen280
))
(./sphinxlatexstyletext.sty
File: sphinxlatexstyletext.sty 2023/03/26 text styling
) (./sphinxlatexobjects.sty
File: sphinxlatexobjects.sty 2022/01/13 documentation environments
\sphinxsignaturesep=\skip80
\py@argswidth=\skip81
\lineblockindentation=\skip82
\DUlineblockindent=\skip83
))
(/opt/local/share/texmf-texlive/tex/latex/geometry/geometry.sty
Package: geometry 2020/01/02 v5.9 Page Geometry

(/opt/local/share/texmf-texlive/tex/generic/iftex/ifvtex.sty
Package: ifvtex 2019/10/25 v1.7 ifvtex legacy package. Use iftex instead.

(/opt/local/share/texmf-texlive/tex/generic/iftex/iftex.sty
Package: iftex 2020/03/06 v1.0d TeX engine tests
))
\Gm@cnth=\count299
\Gm@cntv=\count300
\c@Gm@tempcnt=\count301
\Gm@bindingoffset=\dimen281
\Gm@wd@mp=\dimen282
\Gm@odd@mp=\dimen283
\Gm@even@mp=\dimen284
\Gm@layoutwidth=\dimen285
\Gm@layoutheight=\dimen286
\Gm@layouthoffset=\dimen287
\Gm@layoutvoffset=\dimen288
\Gm@dimlist=\toks33
)
(/opt/local/share/texmf-texlive/tex/latex/hyperref/hyperref.sty
Package: hyperref 2021-02-27 v7.00k Hypertext links for LaTeX

(/opt/local/share/texmf-texlive/tex/generic/pdftexcmds/pdftexcmds.sty
Package: pdftexcmds 2020-06-27 v0.33 Utility functions of pdfTeX for LuaTeX (HO
)

(/opt/local/share/texmf-texlive/tex/generic/infwarerr/infwarerr.sty
Package: infwarerr 2019/12/03 v1.5 Providing info/warning/error messages (HO)
)
Package pdftexcmds Info: \pdf@primitive is available.
Package pdftexcmds Info: \pdf@ifprimitive is available.
Package pdftexcmds Info: \pdfdraftmode found.
)
(/opt/local/share/texmf-texlive/tex/generic/kvdefinekeys/kvdefinekeys.sty
Package: kvdefinekeys 2019-12-19 v1.6 Define keys (HO)
)
(/opt/local/share/texmf-texlive/tex/generic/pdfescape/pdfescape.sty
Package: pdfescape 2019/12/09 v1.15 Implements pdfTeX's escape features (HO)
)
(/opt/local/share/texmf-texlive/tex/latex/hycolor/hycolor.sty
Package: hycolor 2020-01-27 v1.10 Color options for hyperref/bookmark (HO)
)
(/opt/local/share/texmf-texlive/tex/latex/letltxmacro/letltxmacro.sty
Package: letltxmacro 2019/12/03 v1.6 Let assignment for LaTeX macros (HO)
)
(/opt/local/share/texmf-texlive/tex/latex/auxhook/auxhook.sty
Package: auxhook 2019-12-17 v1.6 Hooks for auxiliary files (HO)
)
\@linkdim=\dimen289
\Hy@linkcounter=\count302
\Hy@pagecounter=\count303

(/opt/local/share/texmf-texlive/tex/latex/hyperref/pd1enc.def
File: pd1enc.def 2021-02-27 v7.00k Hyperref: PDFDocEncoding definition (HO)
Now handling font encoding PD1 ...
... no UTF-8 mapping file for font encoding PD1
)
(/opt/local/share/texmf-texlive/tex/latex/hyperref/hyperref-langpatches.def
File: hyperref-langpatches.def 2021-02-27 v7.00k Hyperref: patches for babel la
nguages
)
(/opt/local/share/texmf-texlive/tex/generic/intcalc/intcalc.sty
Package: intcalc 2019/12/15 v1.3 Expandable calculations with integers (HO)
)
(/opt/local/share/texmf-texlive/tex/generic/etexcmds/etexcmds.sty
Package: etexcmds 2019/12/15 v1.7 Avoid name clashes with e-TeX commands (HO)
)
\Hy@SavedSpaceFactor=\count304

(/opt/local/share/texmf-texlive/tex/latex/hyperref/puenc.def
File: puenc.def 2021-02-27 v7.00k Hyperref: PDF Unicode definition (HO)
Now handling font encoding PU ...
... no UTF-8 mapping file for font encoding PU
)
Package hyperref Info: Option `unicode' set `true' on input line 4073.
Package hyperref Info: Option `colorlinks' set `true' on input line 4073.
Package hyperref Info: Option `breaklinks' set `true' on input line 4073.
Package hyperref Info: Hyper figures OFF on input line 4192.
Package hyperref Info: Link nesting OFF on input line 4197.
Package hyperref Info: Hyper index ON on input line 4200.
Package hyperref Info: Plain pages OFF on input line 4207.
Package hyperref Info: Backreferencing OFF on input line 4212.
Package hyperref Info: Implicit mode ON; LaTeX internals redefined.
Package hyperref Info: Bookmarks ON on input line 4445.
\c@Hy@tempcnt=\count305

(/opt/local/share/texmf-texlive/tex/latex/url/url.sty
\Urlmuskip=\muskip17
Package: url 2013/09/16  ver 3.4  Verb mode for urls, etc.
)
LaTeX Info: Redefining \url on input line 4804.
\XeTeXLinkMargin=\dimen290

(/opt/local/share/texmf-texlive/tex/generic/bitset/bitset.sty
Package: bitset 2019/12/09 v1.3 Handle bit-vector datatype (HO)

(/opt/local/share/texmf-texlive/tex/generic/bigintcalc/bigintcalc.sty
Package: bigintcalc 2019/12/15 v1.5 Expandable calculations on big integers (HO
)
))
\Fld@menulength=\count306
\Field@Width=\dimen291
\Fld@charsize=\dimen292
Package hyperref Info: Hyper figures OFF on input line 6075.
Package hyperref Info: Link nesting OFF on input line 6080.
Package hyperref Info: Hyper index ON on input line 6083.
Package hyperref Info: backreferencing OFF on input line 6090.
Package hyperref Info: Link coloring ON on input line 6093.
Package hyperref Info: Link coloring with OCG OFF on input line 6100.
Package hyperref Info: PDF/A mode OFF on input line 6105.
LaTeX Info: Redefining \ref on input line 6145.
LaTeX Info: Redefining \pageref on input line 6149.

(/opt/local/share/texmf-texlive/tex/latex/base/atbegshi-ltx.sty
Package: atbegshi-ltx 2020/08/17 v1.0a Emulation of the original atbegshi packa
ge
with kernel methods
)
\Hy@abspage=\count307
\c@Item=\count308
\c@Hfootnote=\count309
)
Package hyperref Info: Driver (autodetected): hpdftex.

(/opt/local/share/texmf-texlive/tex/latex/hyperref/hpdftex.def
File: hpdftex.def 2021-02-27 v7.00k Hyperref driver for pdfTeX

(/opt/local/share/texmf-texlive/tex/latex/base/atveryend-ltx.sty
Package: atveryend-ltx 2020/08/19 v1.0a Emulation of the original atvery packag
e
with kernel methods
)
\Fld@listcount=\count310
\c@bookmark@seq@number=\count311

(/opt/local/share/texmf-texlive/tex/latex/rerunfilecheck/rerunfilecheck.sty
Package: rerunfilecheck 2019/12/05 v1.9 Rerun checks for auxiliary files (HO)

(/opt/local/share/texmf-texlive/tex/generic/uniquecounter/uniquecounter.sty
Package: uniquecounter 2019/12/15 v1.4 Provide unlimited unique counter (HO)
)
Package uniquecounter Info: New unique counter `rerunfilecheck' on input line 2
86.
)
\Hy@SectionHShift=\skip84
)
(/opt/local/share/texmf-texlive/tex/latex/oberdiek/hypcap.sty
Package: hypcap 2016/05/16 v1.12 Adjusting the anchors of captions (HO)
)
(./sphinxmessages.sty
Package: sphinxmessages 2019/01/04 v2.0 Localized LaTeX macros (Sphinx team)
)
\@indexfile=\write4
\openout4 = `xns.idx'.


Writing index file xns.idx
LaTeX Font Info:    Trying to load font information for T1+qtm on input line 72
.
(/opt/local/share/texmf-texlive/tex/latex/tex-gyre/t1qtm.fd
File: t1qtm.fd 2009/09/25 v1.2 font definition file for T1/qtm
)
(/opt/local/share/texmf-texlive/tex/latex/l3backend/l3backend-pdftex.def
File: l3backend-pdftex.def 2021-03-18 L3 backend support: PDF output (pdfTeX)
\l__color_backend_stack_int=\count312
\l__pdf_internal_box=\box115
)
(./xns.aux)
\openout1 = `xns.aux'.

LaTeX Font Info:    Checking defaults for OML/cmm/m/it on input line 72.
LaTeX Font Info:    ... okay on input line 72.
LaTeX Font Info:    Checking defaults for OMS/cmsy/m/n on input line 72.
LaTeX Font Info:    ... okay on input line 72.
LaTeX Font Info:    Checking defaults for OT1/cmr/m/n on input line 72.
LaTeX Font Info:    ... okay on input line 72.
LaTeX Font Info:    Checking defaults for T1/cmr/m/n on input line 72.
LaTeX Font Info:    ... okay on input line 72.
LaTeX Font Info:    Checking defaults for TS1/cmr/m/n on input line 72.
LaTeX Font Info:    ... okay on input line 72.
LaTeX Font Info:    Checking defaults for OMX/cmex/m/n on input line 72.
LaTeX Font Info:    ... okay on input line 72.
LaTeX Font Info:    Checking defaults for U/cmr/m/n on input line 72.
LaTeX Font Info:    ... okay on input line 72.
LaTeX Font Info:    Checking defaults for PD1/pdf/m/n on input line 72.
LaTeX Font Info:    ... okay on input line 72.
LaTeX Font Info:    Checking defaults for PU/pdf/m/n on input line 72.
LaTeX Font Info:    ... okay on input line 72.
 (/opt/local/share/texmf-texlive/tex/context/base/mkii/supp-pdf.mkii
[Loading MPS to PDF converter (version 2006.09.02).]
\scratchcounter=\count313
\scratchdimen=\dimen293
\scratchbox=\box116
\nofMPsegments=\count314
\nofMParguments=\count315
\everyMPshowfont=\toks34
\MPscratchCnt=\count316
\MPscratchDim=\dimen294
\MPnumerator=\count317
\makeMPintoPDFobject=\count318
\everyMPtoPDFconversion=\toks35
) (/opt/local/share/texmf-texlive/tex/latex/epstopdf-pkg/epstopdf-base.sty
Package: epstopdf-base 2020-01-24 v2.11 Base part for package epstopdf
Package epstopdf-base Info: Redefining graphics rule for `.eps' on input line 4
85.

(/opt/local/share/texmf-texlive/tex/latex/latexconfig/epstopdf-sys.cfg
File: epstopdf-sys.cfg 2010/07/13 v1.3 Configuration of (r)epstopdf for TeX Liv
e
))
\c@literalblock=\count319

*geometry* driver: auto-detecting
*geometry* detected driver: pdftex
*geometry* verbose mode - [ preamble ] result:
* driver: pdftex
* paper: letterpaper
* layout: <same size as paper>
* layoutoffset:(h,v)=(0.0pt,0.0pt)
* modes: twoside 
* h-part:(L,W,R)=(72.26999pt, 469.75502pt, 72.26999pt)
* v-part:(T,H,B)=(72.26999pt, 650.43001pt, 72.26999pt)
* \paperwidth=614.295pt
* \paperheight=794.96999pt
* \textwidth=469.75502pt
* \textheight=650.43001pt
* \oddsidemargin=0.0pt
* \evensidemargin=0.0pt
* \topmargin=-37.0pt
* \headheight=12.0pt
* \headsep=25.0pt
* \topskip=10.0pt
* \footskip=30.0pt
* \marginparwidth=36.135pt
* \marginparsep=11.0pt
* \columnsep=10.0pt
* \skip\footins=9.0pt plus 4.0pt minus 2.0pt
* \hoffset=0.0pt
* \voffset=0.0pt
* \mag=1000
* \@twocolumnfalse
* \@twosidetrue
* \@mparswitchtrue
* \@reversemarginfalse
* (1in=72.27pt=25.4mm, 1cm=28.453pt)

Package hyperref Info: Link coloring ON on input line 72.
(/opt/local/share/texmf-texlive/tex/latex/hyperref/nameref.sty
Package: nameref 2021-04-02 v2.47 Cross-referencing by name of section

(/opt/local/share/texmf-texlive/tex/latex/refcount/refcount.sty
Package: refcount 2019/12/15 v3.6 Data extraction from label references (HO)
)
(/opt/local/share/texmf-texlive/tex/generic/gettitlestring/gettitlestring.sty
Package: gettitlestring 2019/12/15 v1.6 Cleanup title references (HO)
)
\c@section@level=\count320
)
LaTeX Info: Redefining \ref on input line 72.
LaTeX Info: Redefining \pageref on input line 72.
LaTeX Info: Redefining \nameref on input line 72.
(./xns.out) (./xns.out)
\@outlinefile=\write5
\openout5 = `xns.out'.

Package hyperref Info: Option `pageanchor' set `false' on input line 80.
LaTeX Font Info:    Trying to load font information for T1+qhv on input line 80
.

(/opt/local/share/texmf-texlive/tex/latex/tex-gyre/t1qhv.fd
File: t1qhv.fd 2009/09/25 v1.2 font definition file for T1/qhv
)<<ot1.cmap>><<oml.cmap>><<oms.cmap>><<omx.cmap>>
LaTeX Font Info:    Trying to load font information for U+msa on input line 80.


(/opt/local/share/texmf-texlive/tex/latex/amsfonts/umsa.fd
File: umsa.fd 2013/01/14 v3.01 AMS symbols A
)
LaTeX Font Info:    Trying to load font information for U+msb on input line 80.


(/opt/local/share/texmf-texlive/tex/latex/amsfonts/umsb.fd
File: umsb.fd 2013/01/14 v3.01 AMS symbols B
)
Overfull \hbox (67.37971pt too wide) in paragraph at lines 80--80
 [][]
 []

[1

{/opt/local/var/db/texmf/fonts/map/pdftex/updmap/pdftex.map}] [2


] (./xns.toc
[1

])
\tf@toc=\write6
\openout6 = `xns.toc'.

 [2]
LaTeX Font Info:    Trying to load font information for TS1+qtm on input line 1
01.
 (/opt/local/share/texmf-texlive/tex/latex/tex-gyre/ts1qtm.fd
File: ts1qtm.fd 2009/09/25 v1.2 font definition file for TS1/qtm
) [1

]
[2

]
Chapter 1.
LaTeX Font Info:    Trying to load font information for T1+txtt on input line 1
50.
(/opt/local/share/texmf-texlive/tex/latex/txfonts/t1txtt.fd
File: t1txtt.fd 2000/12/15 v3.1
) [3] [4

]
Chapter 2.
[5] [6] [7] [8] [9]
Underfull \hbox (badness 10000) in paragraph at lines 707--709

 []

[10]
Chapter 3.
[11

] [12]
Chapter 4.
[13

] [14] [15]
Underfull \hbox (badness 5578) in paragraph at lines 1205--1207
[]\T1/qtm/m/n/10 sub-rou-tine \T1/qtm/b/n/10 LPN \T1/qtm/m/n/10 - com-putes the
 Leg-en-dre poly-no-mi-als and their deriva-tives. From: SPE-
 []


Underfull \hbox (badness 10000) in paragraph at lines 1284--1286
[]\T1/qtm/b/n/10 Hy-droeq_mag.dat \T1/qtm/m/n/10 - con-tains the new equi-lib-r
ium con-fig-u-ra-tion for mag-netic field
 []

[16] [17] [18

]
Chapter 5.
[19]
Underfull \hbox (badness 6477) in paragraph at lines 1435--1437
[]\T1/qtm/m/n/10 Block 3 (1000 lines - 3 columns) - First col-umn is $\OML/cmm/
m/it/10 Log[]\OT1/cmr/m/n/10 (\OML/cmm/m/it/10 Ln\OT1/cmr/m/n/10 (\OML/cmm/m/it
/10 h\OT1/cmr/m/n/10 ))$ \T1/qtm/m/n/10 uni-formly sam-pled be-tween
 []

[20]
Chapter 6.
<starplot_rho_gr_polo.png, id=345, 793.93758pt x 783.61328pt>
File: starplot_rho_gr_polo.png Graphic file (type png)
<use starplot_rho_gr_polo.png>
Package pdftex.def Info: starplot_rho_gr_polo.png  used on input line 1482.
(pdftex.def)             Requested size: 469.76382pt x 463.65504pt.
File: starplot_rho_gr_polo.png Graphic file (type png)
<use starplot_rho_gr_polo.png>
Package pdftex.def Info: starplot_rho_gr_polo.png  used on input line 1482.
(pdftex.def)             Requested size: 457.77046pt x 451.8057pt.
[21

]
<starplot_b_gr_polo.png, id=354, 793.93758pt x 782.58086pt>
File: starplot_b_gr_polo.png Graphic file (type png)
<use starplot_b_gr_polo.png>
Package pdftex.def Info: starplot_b_gr_polo.png  used on input line 1502.
(pdftex.def)             Requested size: 469.76382pt x 463.04417pt.
File: starplot_b_gr_polo.png Graphic file (type png)
<use starplot_b_gr_polo.png>
Package pdftex.def Info: starplot_b_gr_polo.png  used on input line 1502.
(pdftex.def)             Requested size: 457.77046pt x 451.21045pt.
 [22 <./starplot_rho_gr_polo.png>]
<rho_gr_polo.png, id=360, 346.1733pt x 328.8285pt>
File: rho_gr_polo.png Graphic file (type png)
<use rho_gr_polo.png>
Package pdftex.def Info: rho_gr_polo.png  used on input line 1522.
(pdftex.def)             Requested size: 346.17244pt x 328.8277pt.
File: rho_gr_polo.png Graphic file (type png)
<use rho_gr_polo.png>
Package pdftex.def Info: rho_gr_polo.png  used on input line 1522.
(pdftex.def)             Requested size: 346.17244pt x 328.8277pt.
 [23 <./starplot_b_gr_polo.png>]
<p_gr_polo.png, id=366, 346.1733pt x 328.8285pt>
File: p_gr_polo.png Graphic file (type png)
<use p_gr_polo.png>
Package pdftex.def Info: p_gr_polo.png  used on input line 1542.
(pdftex.def)             Requested size: 346.17244pt x 328.8277pt.
File: p_gr_polo.png Graphic file (type png)
<use p_gr_polo.png>
Package pdftex.def Info: p_gr_polo.png  used on input line 1542.
(pdftex.def)             Requested size: 346.17244pt x 328.8277pt.
 [24 <./rho_gr_polo.png>]
<alpha_gr_polo.png, id=372, 362.0727pt x 328.8285pt>
File: alpha_gr_polo.png Graphic file (type png)
<use alpha_gr_polo.png>
Package pdftex.def Info: alpha_gr_polo.png  used on input line 1562.
(pdftex.def)             Requested size: 362.07181pt x 328.8277pt.
File: alpha_gr_polo.png Graphic file (type png)
<use alpha_gr_polo.png>
Package pdftex.def Info: alpha_gr_polo.png  used on input line 1562.
(pdftex.def)             Requested size: 362.07181pt x 328.8277pt.
 [25 <./p_gr_polo.png>]
<psi_gr_polo.png, id=378, 362.0727pt x 328.8285pt>
File: psi_gr_polo.png Graphic file (type png)
<use psi_gr_polo.png>
Package pdftex.def Info: psi_gr_polo.png  used on input line 1582.
(pdftex.def)             Requested size: 362.07181pt x 328.8277pt.
File: psi_gr_polo.png Graphic file (type png)
<use psi_gr_polo.png>
Package pdftex.def Info: psi_gr_polo.png  used on input line 1582.
(pdftex.def)             Requested size: 362.07181pt x 328.8277pt.
 [26 <./alpha_gr_polo.png>]
<bpol_gr_polo.png, id=384, 357.7365pt x 328.8285pt>
File: bpol_gr_polo.png Graphic file (type png)
<use bpol_gr_polo.png>
Package pdftex.def Info: bpol_gr_polo.png  used on input line 1602.
(pdftex.def)             Requested size: 357.73561pt x 328.8277pt.
File: bpol_gr_polo.png Graphic file (type png)
<use bpol_gr_polo.png>
Package pdftex.def Info: bpol_gr_polo.png  used on input line 1602.
(pdftex.def)             Requested size: 357.73561pt x 328.8277pt.
 [27 <./psi_gr_polo.png>]
<starplot_rho_gr_toro.png, id=391, 793.93758pt x 783.61328pt>
File: starplot_rho_gr_toro.png Graphic file (type png)
<use starplot_rho_gr_toro.png>
Package pdftex.def Info: starplot_rho_gr_toro.png  used on input line 1639.
(pdftex.def)             Requested size: 469.76382pt x 463.65504pt.
File: starplot_rho_gr_toro.png Graphic file (type png)
<use starplot_rho_gr_toro.png>
Package pdftex.def Info: starplot_rho_gr_toro.png  used on input line 1639.
(pdftex.def)             Requested size: 457.77046pt x 451.8057pt.
 [28 <./bpol_gr_polo.png>]
<starplot_b_gr_toro.png, id=397, 793.93758pt x 782.58086pt>
File: starplot_b_gr_toro.png Graphic file (type png)
<use starplot_b_gr_toro.png>
Package pdftex.def Info: starplot_b_gr_toro.png  used on input line 1659.
(pdftex.def)             Requested size: 469.76382pt x 463.04417pt.
File: starplot_b_gr_toro.png Graphic file (type png)
<use starplot_b_gr_toro.png>
Package pdftex.def Info: starplot_b_gr_toro.png  used on input line 1659.
(pdftex.def)             Requested size: 457.77046pt x 451.21045pt.
 [29 <./starplot_rho_gr_toro.png>]
<rho_gr_toro.png, id=403, 356.2911pt x 328.8285pt>
File: rho_gr_toro.png Graphic file (type png)
<use rho_gr_toro.png>
Package pdftex.def Info: rho_gr_toro.png  used on input line 1679.
(pdftex.def)             Requested size: 356.29022pt x 328.8277pt.
File: rho_gr_toro.png Graphic file (type png)
<use rho_gr_toro.png>
Package pdftex.def Info: rho_gr_toro.png  used on input line 1679.
(pdftex.def)             Requested size: 356.29022pt x 328.8277pt.

[30 <./starplot_b_gr_toro.png>]
<p_gr_toro.png, id=409, 356.2911pt x 328.8285pt>
File: p_gr_toro.png Graphic file (type png)
<use p_gr_toro.png>
Package pdftex.def Info: p_gr_toro.png  used on input line 1699.
(pdftex.def)             Requested size: 356.29022pt x 328.8277pt.
File: p_gr_toro.png Graphic file (type png)
<use p_gr_toro.png>
Package pdftex.def Info: p_gr_toro.png  used on input line 1699.
(pdftex.def)             Requested size: 356.29022pt x 328.8277pt.
 [31 <./rho_gr_toro.png>]
<alpha_gr_toro.png, id=415, 362.0727pt x 328.8285pt>
File: alpha_gr_toro.png Graphic file (type png)
<use alpha_gr_toro.png>
Package pdftex.def Info: alpha_gr_toro.png  used on input line 1719.
(pdftex.def)             Requested size: 362.07181pt x 328.8277pt.
File: alpha_gr_toro.png Graphic file (type png)
<use alpha_gr_toro.png>
Package pdftex.def Info: alpha_gr_toro.png  used on input line 1719.
(pdftex.def)             Requested size: 362.07181pt x 328.8277pt.
 [32 <./p_gr_toro.png>]
<psi_gr_toro.png, id=421, 362.0727pt x 328.8285pt>
File: psi_gr_toro.png Graphic file (type png)
<use psi_gr_toro.png>
Package pdftex.def Info: psi_gr_toro.png  used on input line 1739.
(pdftex.def)             Requested size: 362.07181pt x 328.8277pt.
File: psi_gr_toro.png Graphic file (type png)
<use psi_gr_toro.png>
Package pdftex.def Info: psi_gr_toro.png  used on input line 1739.
(pdftex.def)             Requested size: 362.07181pt x 328.8277pt.
[33 <./alpha_gr_toro.png>]
<btor_gr_toro.png, id=428, 355.5684pt x 328.8285pt>
File: btor_gr_toro.png Graphic file (type png)
<use btor_gr_toro.png>
Package pdftex.def Info: btor_gr_toro.png  used on input line 1759.
(pdftex.def)             Requested size: 355.56752pt x 328.8277pt.
File: btor_gr_toro.png Graphic file (type png)
<use btor_gr_toro.png>
Package pdftex.def Info: btor_gr_toro.png  used on input line 1759.
(pdftex.def)             Requested size: 355.56752pt x 328.8277pt.
 [34 <./psi_gr_toro.png>] [35 <./btor_gr_toro.png>]
[36]
Chapter 7.
LaTeX Font Info:    Trying to load font information for TS1+txtt on input line 
1848.
(/opt/local/share/texmf-texlive/tex/latex/txfonts/ts1txtt.fd
File: ts1txtt.fd 2000/12/15 v3.1
)
<starplot_rho_b-6_unmag.png, id=443, 793.93758pt x 783.61328pt>
File: starplot_rho_b-6_unmag.png Graphic file (type png)
<use starplot_rho_b-6_unmag.png>
Package pdftex.def Info: starplot_rho_b-6_unmag.png  used on input line 1867.
(pdftex.def)             Requested size: 469.76382pt x 463.65504pt.
File: starplot_rho_b-6_unmag.png Graphic file (type png)
<use starplot_rho_b-6_unmag.png>
Package pdftex.def Info: starplot_rho_b-6_unmag.png  used on input line 1867.
(pdftex.def)             Requested size: 457.77046pt x 451.8057pt.
 [37

]
<starplot_chi_b-6_unmag.png, id=449, 793.93758pt x 775.35385pt>
File: starplot_chi_b-6_unmag.png Graphic file (type png)
<use starplot_chi_b-6_unmag.png>
Package pdftex.def Info: starplot_chi_b-6_unmag.png  used on input line 1887.
(pdftex.def)             Requested size: 469.76382pt x 458.75621pt.
File: starplot_chi_b-6_unmag.png Graphic file (type png)
<use starplot_chi_b-6_unmag.png>
Package pdftex.def Info: starplot_chi_b-6_unmag.png  used on input line 1887.
(pdftex.def)             Requested size: 457.77046pt x 447.0436pt.
 [38 <./starplot_rho_b-6_unmag.png>]
<rho_b-6_unmag.png, id=455, 363.5181pt x 328.8285pt>
File: rho_b-6_unmag.png Graphic file (type png)
<use rho_b-6_unmag.png>
Package pdftex.def Info: rho_b-6_unmag.png  used on input line 1907.
(pdftex.def)             Requested size: 363.51721pt x 328.8277pt.
File: rho_b-6_unmag.png Graphic file (type png)
<use rho_b-6_unmag.png>
Package pdftex.def Info: rho_b-6_unmag.png  used on input line 1907.
(pdftex.def)             Requested size: 363.51721pt x 328.8277pt.
 [39 <./starplot_chi_b-6_unmag.png>]
<p_b-6_unmag.png, id=462, 363.5181pt x 328.8285pt>
File: p_b-6_unmag.png Graphic file (type png)
<use p_b-6_unmag.png>
Package pdftex.def Info: p_b-6_unmag.png  used on input line 1927.
(pdftex.def)             Requested size: 363.51721pt x 328.8277pt.
File: p_b-6_unmag.png Graphic file (type png)
<use p_b-6_unmag.png>
Package pdftex.def Info: p_b-6_unmag.png  used on input line 1927.
(pdftex.def)             Requested size: 363.51721pt x 328.8277pt.
 [40 <./rho_b-6_unmag.png>]
<chi_b-6_unmag.png, id=469, 352.6776pt x 328.8285pt>
File: chi_b-6_unmag.png Graphic file (type png)
<use chi_b-6_unmag.png>
Package pdftex.def Info: chi_b-6_unmag.png  used on input line 1947.
(pdftex.def)             Requested size: 352.67673pt x 328.8277pt.
File: chi_b-6_unmag.png Graphic file (type png)
<use chi_b-6_unmag.png>
Package pdftex.def Info: chi_b-6_unmag.png  used on input line 1947.
(pdftex.def)             Requested size: 352.67673pt x 328.8277pt.
 [41 <./p_b-6_unmag.png>]
<alpha_b-6_unmag.png, id=475, 362.0727pt x 328.8285pt>
File: alpha_b-6_unmag.png Graphic file (type png)
<use alpha_b-6_unmag.png>
Package pdftex.def Info: alpha_b-6_unmag.png  used on input line 1967.
(pdftex.def)             Requested size: 362.07181pt x 328.8277pt.
File: alpha_b-6_unmag.png Graphic file (type png)
<use alpha_b-6_unmag.png>
Package pdftex.def Info: alpha_b-6_unmag.png  used on input line 1967.
(pdftex.def)             Requested size: 362.07181pt x 328.8277pt.
 [42 <./chi_b-6_unmag.png>]
<psi_b-6_unmag.png, id=481, 362.0727pt x 328.8285pt>
File: psi_b-6_unmag.png Graphic file (type png)
<use psi_b-6_unmag.png>
Package pdftex.def Info: psi_b-6_unmag.png  used on input line 1987.
(pdftex.def)             Requested size: 362.07181pt x 328.8277pt.
File: psi_b-6_unmag.png Graphic file (type png)
<use psi_b-6_unmag.png>
Package pdftex.def Info: psi_b-6_unmag.png  used on input line 1987.
(pdftex.def)             Requested size: 362.07181pt x 328.8277pt.
 [43 <./alpha_b-6_unmag.png>]
<starplot_rho_b-6_polo.png, id=487, 793.93758pt x 783.61328pt>
File: starplot_rho_b-6_polo.png Graphic file (type png)
<use starplot_rho_b-6_polo.png>
Package pdftex.def Info: starplot_rho_b-6_polo.png  used on input line 2024.
(pdftex.def)             Requested size: 469.76382pt x 463.65504pt.
File: starplot_rho_b-6_polo.png Graphic file (type png)
<use starplot_rho_b-6_polo.png>
Package pdftex.def Info: starplot_rho_b-6_polo.png  used on input line 2024.
(pdftex.def)             Requested size: 457.77046pt x 451.8057pt.
 [44 <./psi_b-6_unmag.png>]
<starplot_chi_b-6_polo.png, id=493, 793.93758pt x 775.35385pt>
File: starplot_chi_b-6_polo.png Graphic file (type png)
<use starplot_chi_b-6_polo.png>
Package pdftex.def Info: starplot_chi_b-6_polo.png  used on input line 2044.
(pdftex.def)             Requested size: 469.76382pt x 458.75621pt.
File: starplot_chi_b-6_polo.png Graphic file (type png)
<use starplot_chi_b-6_polo.png>
Package pdftex.def Info: starplot_chi_b-6_polo.png  used on input line 2044.
(pdftex.def)             Requested size: 457.77046pt x 447.0436pt.
 [45 <./starplot_rho_b-6_polo.png>]
<starplot_b_b-6_polo.png, id=500, 793.93758pt x 782.58086pt>
File: starplot_b_b-6_polo.png Graphic file (type png)
<use starplot_b_b-6_polo.png>
Package pdftex.def Info: starplot_b_b-6_polo.png  used on input line 2064.
(pdftex.def)             Requested size: 469.76382pt x 463.04417pt.
File: starplot_b_b-6_polo.png Graphic file (type png)
<use starplot_b_b-6_polo.png>
Package pdftex.def Info: starplot_b_b-6_polo.png  used on input line 2064.
(pdftex.def)             Requested size: 457.77046pt x 451.21045pt.

[46 <./starplot_chi_b-6_polo.png>]
<rho_b-6_polo.png, id=506, 363.5181pt x 328.8285pt>
File: rho_b-6_polo.png Graphic file (type png)
<use rho_b-6_polo.png>
Package pdftex.def Info: rho_b-6_polo.png  used on input line 2084.
(pdftex.def)             Requested size: 363.51721pt x 328.8277pt.
File: rho_b-6_polo.png Graphic file (type png)
<use rho_b-6_polo.png>
Package pdftex.def Info: rho_b-6_polo.png  used on input line 2084.
(pdftex.def)             Requested size: 363.51721pt x 328.8277pt.
 [47 <./starplot_b_b-6_polo.png>]
<p_b-6_polo.png, id=512, 363.5181pt x 328.8285pt>
File: p_b-6_polo.png Graphic file (type png)
<use p_b-6_polo.png>
Package pdftex.def Info: p_b-6_polo.png  used on input line 2104.
(pdftex.def)             Requested size: 363.51721pt x 328.8277pt.
File: p_b-6_polo.png Graphic file (type png)
<use p_b-6_polo.png>
Package pdftex.def Info: p_b-6_polo.png  used on input line 2104.
(pdftex.def)             Requested size: 363.51721pt x 328.8277pt.
 [48 <./rho_b-6_polo.png>]
<chi_b-6_polo.png, id=518, 352.6776pt x 328.8285pt>
File: chi_b-6_polo.png Graphic file (type png)
<use chi_b-6_polo.png>
Package pdftex.def Info: chi_b-6_polo.png  used on input line 2124.
(pdftex.def)             Requested size: 352.67673pt x 328.8277pt.
File: chi_b-6_polo.png Graphic file (type png)
<use chi_b-6_polo.png>
Package pdftex.def Info: chi_b-6_polo.png  used on input line 2124.
(pdftex.def)             Requested size: 352.67673pt x 328.8277pt.
 [49 <./p_b-6_polo.png>]
<alpha_b-6_polo.png, id=524, 362.0727pt x 328.8285pt>
File: alpha_b-6_polo.png Graphic file (type png)
<use alpha_b-6_polo.png>
Package pdftex.def Info: alpha_b-6_polo.png  used on input line 2144.
(pdftex.def)             Requested size: 362.07181pt x 328.8277pt.
File: alpha_b-6_polo.png Graphic file (type png)
<use alpha_b-6_polo.png>
Package pdftex.def Info: alpha_b-6_polo.png  used on input line 2144.
(pdftex.def)             Requested size: 362.07181pt x 328.8277pt.
 [50 <./chi_b-6_polo.png>]
<psi_b-6_polo.png, id=530, 362.0727pt x 328.8285pt>
File: psi_b-6_polo.png Graphic file (type png)
<use psi_b-6_polo.png>
Package pdftex.def Info: psi_b-6_polo.png  used on input line 2164.
(pdftex.def)             Requested size: 362.07181pt x 328.8277pt.
File: psi_b-6_polo.png Graphic file (type png)
<use psi_b-6_polo.png>
Package pdftex.def Info: psi_b-6_polo.png  used on input line 2164.
(pdftex.def)             Requested size: 362.07181pt x 328.8277pt.
 [51 <./alpha_b-6_polo.png>]
<bpol_b-6_polo.png, id=537, 357.7365pt x 328.8285pt>
File: bpol_b-6_polo.png Graphic file (type png)
<use bpol_b-6_polo.png>
Package pdftex.def Info: bpol_b-6_polo.png  used on input line 2184.
(pdftex.def)             Requested size: 357.73561pt x 328.8277pt.
File: bpol_b-6_polo.png Graphic file (type png)
<use bpol_b-6_polo.png>
Package pdftex.def Info: bpol_b-6_polo.png  used on input line 2184.
(pdftex.def)             Requested size: 357.73561pt x 328.8277pt.
 [52 <./psi_b-6_polo.png>]
<starplot_rho_b-6_toro.png, id=543, 793.93758pt x 783.61328pt>
File: starplot_rho_b-6_toro.png Graphic file (type png)
<use starplot_rho_b-6_toro.png>
Package pdftex.def Info: starplot_rho_b-6_toro.png  used on input line 2221.
(pdftex.def)             Requested size: 469.76382pt x 463.65504pt.
File: starplot_rho_b-6_toro.png Graphic file (type png)
<use starplot_rho_b-6_toro.png>
Package pdftex.def Info: starplot_rho_b-6_toro.png  used on input line 2221.
(pdftex.def)             Requested size: 457.77046pt x 451.8057pt.
 [53 <./bpol_b-6_polo.png>]
<starplot_chi_b-6_toro.png, id=549, 793.93758pt x 775.35385pt>
File: starplot_chi_b-6_toro.png Graphic file (type png)
<use starplot_chi_b-6_toro.png>
Package pdftex.def Info: starplot_chi_b-6_toro.png  used on input line 2241.
(pdftex.def)             Requested size: 469.76382pt x 458.75621pt.
File: starplot_chi_b-6_toro.png Graphic file (type png)
<use starplot_chi_b-6_toro.png>
Package pdftex.def Info: starplot_chi_b-6_toro.png  used on input line 2241.
(pdftex.def)             Requested size: 457.77046pt x 447.0436pt.
 [54 <./starplot_rho_b-6_toro.png>]
<starplot_b_b-6_toro.png, id=555, 793.93758pt x 782.58086pt>
File: starplot_b_b-6_toro.png Graphic file (type png)
<use starplot_b_b-6_toro.png>
Package pdftex.def Info: starplot_b_b-6_toro.png  used on input line 2261.
(pdftex.def)             Requested size: 469.76382pt x 463.04417pt.
File: starplot_b_b-6_toro.png Graphic file (type png)
<use starplot_b_b-6_toro.png>
Package pdftex.def Info: starplot_b_b-6_toro.png  used on input line 2261.
(pdftex.def)             Requested size: 457.77046pt x 451.21045pt.
 [55 <./starplot_chi_b-6_toro.png>]
<rho_b-6_toro.png, id=561, 363.5181pt x 328.8285pt>
File: rho_b-6_toro.png Graphic file (type png)
<use rho_b-6_toro.png>
Package pdftex.def Info: rho_b-6_toro.png  used on input line 2281.
(pdftex.def)             Requested size: 363.51721pt x 328.8277pt.
File: rho_b-6_toro.png Graphic file (type png)
<use rho_b-6_toro.png>
Package pdftex.def Info: rho_b-6_toro.png  used on input line 2281.
(pdftex.def)             Requested size: 363.51721pt x 328.8277pt.
 [56 <./starplot_b_b-6_toro.png>]
<p_b-6_toro.png, id=567, 363.5181pt x 328.8285pt>
File: p_b-6_toro.png Graphic file (type png)
<use p_b-6_toro.png>
Package pdftex.def Info: p_b-6_toro.png  used on input line 2301.
(pdftex.def)             Requested size: 363.51721pt x 328.8277pt.
File: p_b-6_toro.png Graphic file (type png)
<use p_b-6_toro.png>
Package pdftex.def Info: p_b-6_toro.png  used on input line 2301.
(pdftex.def)             Requested size: 363.51721pt x 328.8277pt.
 [57 <./rho_b-6_toro.png>]
<chi_b-6_toro.png, id=574, 352.6776pt x 328.8285pt>
File: chi_b-6_toro.png Graphic file (type png)
<use chi_b-6_toro.png>
Package pdftex.def Info: chi_b-6_toro.png  used on input line 2321.
(pdftex.def)             Requested size: 352.67673pt x 328.8277pt.
File: chi_b-6_toro.png Graphic file (type png)
<use chi_b-6_toro.png>
Package pdftex.def Info: chi_b-6_toro.png  used on input line 2321.
(pdftex.def)             Requested size: 352.67673pt x 328.8277pt.
 [58 <./p_b-6_toro.png>]
<alpha_b-6_toro.png, id=580, 362.0727pt x 328.8285pt>
File: alpha_b-6_toro.png Graphic file (type png)
<use alpha_b-6_toro.png>
Package pdftex.def Info: alpha_b-6_toro.png  used on input line 2341.
(pdftex.def)             Requested size: 362.07181pt x 328.8277pt.
File: alpha_b-6_toro.png Graphic file (type png)
<use alpha_b-6_toro.png>
Package pdftex.def Info: alpha_b-6_toro.png  used on input line 2341.
(pdftex.def)             Requested size: 362.07181pt x 328.8277pt.
 [59 <./chi_b-6_toro.png>]
<psi_b-6_toro.png, id=586, 362.0727pt x 328.8285pt>
File: psi_b-6_toro.png Graphic file (type png)
<use psi_b-6_toro.png>
Package pdftex.def Info: psi_b-6_toro.png  used on input line 2361.
(pdftex.def)             Requested size: 362.07181pt x 328.8277pt.
File: psi_b-6_toro.png Graphic file (type png)
<use psi_b-6_toro.png>
Package pdftex.def Info: psi_b-6_toro.png  used on input line 2361.
(pdftex.def)             Requested size: 362.07181pt x 328.8277pt.
 [60 <./alpha_b-6_toro.png>]
<btor_b-6_toro.png, id=592, 355.5684pt x 328.8285pt>
File: btor_b-6_toro.png Graphic file (type png)
<use btor_b-6_toro.png>
Package pdftex.def Info: btor_b-6_toro.png  used on input line 2381.
(pdftex.def)             Requested size: 355.56752pt x 328.8277pt.
File: btor_b-6_toro.png Graphic file (type png)
<use btor_b-6_toro.png>
Package pdftex.def Info: btor_b-6_toro.png  used on input line 2381.
(pdftex.def)             Requested size: 355.56752pt x 328.8277pt.
 [61 <./psi_b-6_toro.png>]
<starplot_rho_b-6_unmag1.png, id=598, 793.93758pt x 783.61328pt>
File: starplot_rho_b-6_unmag1.png Graphic file (type png)
<use starplot_rho_b-6_unmag1.png>
Package pdftex.def Info: starplot_rho_b-6_unmag1.png  used on input line 2417.
(pdftex.def)             Requested size: 469.76382pt x 463.65504pt.
File: starplot_rho_b-6_unmag1.png Graphic file (type png)
<use starplot_rho_b-6_unmag1.png>
Package pdftex.def Info: starplot_rho_b-6_unmag1.png  used on input line 2417.
(pdftex.def)             Requested size: 457.77046pt x 451.8057pt.
 [62 <./btor_b-6_toro.png>]
<starplot_chi_b-6_unmag1.png, id=604, 793.93758pt x 775.35385pt>
File: starplot_chi_b-6_unmag1.png Graphic file (type png)
<use starplot_chi_b-6_unmag1.png>
Package pdftex.def Info: starplot_chi_b-6_unmag1.png  used on input line 2437.
(pdftex.def)             Requested size: 469.76382pt x 458.75621pt.
File: starplot_chi_b-6_unmag1.png Graphic file (type png)
<use starplot_chi_b-6_unmag1.png>
Package pdftex.def Info: starplot_chi_b-6_unmag1.png  used on input line 2437.
(pdftex.def)             Requested size: 457.77046pt x 447.0436pt.
 [63 <./starplot_rho_b-6_unmag1.png>]
<rho_b-6_unmag1.png, id=611, 363.5181pt x 328.8285pt>
File: rho_b-6_unmag1.png Graphic file (type png)
<use rho_b-6_unmag1.png>
Package pdftex.def Info: rho_b-6_unmag1.png  used on input line 2457.
(pdftex.def)             Requested size: 363.51721pt x 328.8277pt.
File: rho_b-6_unmag1.png Graphic file (type png)
<use rho_b-6_unmag1.png>
Package pdftex.def Info: rho_b-6_unmag1.png  used on input line 2457.
(pdftex.def)             Requested size: 363.51721pt x 328.8277pt.
 [64 <./starplot_chi_b-6_unmag1.png>]
<p_b-6_unmag1.png, id=617, 363.5181pt x 328.8285pt>
File: p_b-6_unmag1.png Graphic file (type png)
<use p_b-6_unmag1.png>
Package pdftex.def Info: p_b-6_unmag1.png  used on input line 2477.
(pdftex.def)             Requested size: 363.51721pt x 328.8277pt.
File: p_b-6_unmag1.png Graphic file (type png)
<use p_b-6_unmag1.png>
Package pdftex.def Info: p_b-6_unmag1.png  used on input line 2477.
(pdftex.def)             Requested size: 363.51721pt x 328.8277pt.
 [65 <./rho_b-6_unmag1.png>]
<chi_b-6_unmag1.png, id=623, 352.6776pt x 328.8285pt>
File: chi_b-6_unmag1.png Graphic file (type png)
<use chi_b-6_unmag1.png>
Package pdftex.def Info: chi_b-6_unmag1.png  used on input line 2497.
(pdftex.def)             Requested size: 352.67673pt x 328.8277pt.
File: chi_b-6_unmag1.png Graphic file (type png)
<use chi_b-6_unmag1.png>
Package pdftex.def Info: chi_b-6_unmag1.png  used on input line 2497.
(pdftex.def)             Requested size: 352.67673pt x 328.8277pt.
 [66 <./p_b-6_unmag1.png>]
<alpha_b-6_unmag1.png, id=629, 362.0727pt x 328.8285pt>
File: alpha_b-6_unmag1.png Graphic file (type png)
<use alpha_b-6_unmag1.png>
Package pdftex.def Info: alpha_b-6_unmag1.png  used on input line 2517.
(pdftex.def)             Requested size: 362.07181pt x 328.8277pt.
File: alpha_b-6_unmag1.png Graphic file (type png)
<use alpha_b-6_unmag1.png>
Package pdftex.def Info: alpha_b-6_unmag1.png  used on input line 2517.
(pdftex.def)             Requested size: 362.07181pt x 328.8277pt.
 [67 <./chi_b-6_unmag1.png>]
<psi_b-6_unmag1.png, id=635, 362.0727pt x 328.8285pt>
File: psi_b-6_unmag1.png Graphic file (type png)
<use psi_b-6_unmag1.png>
Package pdftex.def Info: psi_b-6_unmag1.png  used on input line 2537.
(pdftex.def)             Requested size: 362.07181pt x 328.8277pt.
File: psi_b-6_unmag1.png Graphic file (type png)
<use psi_b-6_unmag1.png>
Package pdftex.def Info: psi_b-6_unmag1.png  used on input line 2537.
(pdftex.def)             Requested size: 362.07181pt x 328.8277pt.
 [68 <./alpha_b-6_unmag1.png>]
<starplot_rho_b-6_polo1.png, id=641, 793.93758pt x 783.61328pt>
File: starplot_rho_b-6_polo1.png Graphic file (type png)
<use starplot_rho_b-6_polo1.png>
Package pdftex.def Info: starplot_rho_b-6_polo1.png  used on input line 2574.
(pdftex.def)             Requested size: 469.76382pt x 463.65504pt.
File: starplot_rho_b-6_polo1.png Graphic file (type png)
<use starplot_rho_b-6_polo1.png>
Package pdftex.def Info: starplot_rho_b-6_polo1.png  used on input line 2574.
(pdftex.def)             Requested size: 457.77046pt x 451.8057pt.
 [69 <./psi_b-6_unmag1.png>]
<starplot_chi_b-6_polo1.png, id=648, 793.93758pt x 775.35385pt>
File: starplot_chi_b-6_polo1.png Graphic file (type png)
<use starplot_chi_b-6_polo1.png>
Package pdftex.def Info: starplot_chi_b-6_polo1.png  used on input line 2594.
(pdftex.def)             Requested size: 469.76382pt x 458.75621pt.
File: starplot_chi_b-6_polo1.png Graphic file (type png)
<use starplot_chi_b-6_polo1.png>
Package pdftex.def Info: starplot_chi_b-6_polo1.png  used on input line 2594.
(pdftex.def)             Requested size: 457.77046pt x 447.0436pt.
 [70 <./starplot_rho_b-6_polo1.png>]
<starplot_b_b-6_polo1.png, id=654, 793.93758pt x 782.58086pt>
File: starplot_b_b-6_polo1.png Graphic file (type png)
<use starplot_b_b-6_polo1.png>
Package pdftex.def Info: starplot_b_b-6_polo1.png  used on input line 2614.
(pdftex.def)             Requested size: 469.76382pt x 463.04417pt.
File: starplot_b_b-6_polo1.png Graphic file (type png)
<use starplot_b_b-6_polo1.png>
Package pdftex.def Info: starplot_b_b-6_polo1.png  used on input line 2614.
(pdftex.def)             Requested size: 457.77046pt x 451.21045pt.
 [71 <./starplot_chi_b-6_polo1.png>]
<rho_b-6_polo1.png, id=660, 346.1733pt x 328.8285pt>
File: rho_b-6_polo1.png Graphic file (type png)
<use rho_b-6_polo1.png>
Package pdftex.def Info: rho_b-6_polo1.png  used on input line 2634.
(pdftex.def)             Requested size: 346.17244pt x 328.8277pt.
File: rho_b-6_polo1.png Graphic file (type png)
<use rho_b-6_polo1.png>
Package pdftex.def Info: rho_b-6_polo1.png  used on input line 2634.
(pdftex.def)             Requested size: 346.17244pt x 328.8277pt.
 [72 <./starplot_b_b-6_polo1.png>]
<p_b-6_polo1.png, id=667, 346.1733pt x 328.8285pt>
File: p_b-6_polo1.png Graphic file (type png)
<use p_b-6_polo1.png>
Package pdftex.def Info: p_b-6_polo1.png  used on input line 2654.
(pdftex.def)             Requested size: 346.17244pt x 328.8277pt.
File: p_b-6_polo1.png Graphic file (type png)
<use p_b-6_polo1.png>
Package pdftex.def Info: p_b-6_polo1.png  used on input line 2654.
(pdftex.def)             Requested size: 346.17244pt x 328.8277pt.
 [73 <./rho_b-6_polo1.png>]
<chi_b-6_polo1.png, id=673, 352.6776pt x 328.8285pt>
File: chi_b-6_polo1.png Graphic file (type png)
<use chi_b-6_polo1.png>
Package pdftex.def Info: chi_b-6_polo1.png  used on input line 2674.
(pdftex.def)             Requested size: 352.67673pt x 328.8277pt.
File: chi_b-6_polo1.png Graphic file (type png)
<use chi_b-6_polo1.png>
Package pdftex.def Info: chi_b-6_polo1.png  used on input line 2674.
(pdftex.def)             Requested size: 352.67673pt x 328.8277pt.
 [74 <./p_b-6_polo1.png>]
<alpha_b-6_polo1.png, id=679, 362.0727pt x 328.8285pt>
File: alpha_b-6_polo1.png Graphic file (type png)
<use alpha_b-6_polo1.png>
Package pdftex.def Info: alpha_b-6_polo1.png  used on input line 2694.
(pdftex.def)             Requested size: 362.07181pt x 328.8277pt.
File: alpha_b-6_polo1.png Graphic file (type png)
<use alpha_b-6_polo1.png>
Package pdftex.def Info: alpha_b-6_polo1.png  used on input line 2694.
(pdftex.def)             Requested size: 362.07181pt x 328.8277pt.
 [75 <./chi_b-6_polo1.png>]
<psi_b-6_polo1.png, id=686, 362.0727pt x 328.8285pt>
File: psi_b-6_polo1.png Graphic file (type png)
<use psi_b-6_polo1.png>
Package pdftex.def Info: psi_b-6_polo1.png  used on input line 2714.
(pdftex.def)             Requested size: 362.07181pt x 328.8277pt.
File: psi_b-6_polo1.png Graphic file (type png)
<use psi_b-6_polo1.png>
Package pdftex.def Info: psi_b-6_polo1.png  used on input line 2714.
(pdftex.def)             Requested size: 362.07181pt x 328.8277pt.
 [76 <./alpha_b-6_polo1.png>]
<bpol_b-6_polo1.png, id=692, 357.7365pt x 328.8285pt>
File: bpol_b-6_polo1.png Graphic file (type png)
<use bpol_b-6_polo1.png>
Package pdftex.def Info: bpol_b-6_polo1.png  used on input line 2734.
(pdftex.def)             Requested size: 357.73561pt x 328.8277pt.
File: bpol_b-6_polo1.png Graphic file (type png)
<use bpol_b-6_polo1.png>
Package pdftex.def Info: bpol_b-6_polo1.png  used on input line 2734.
(pdftex.def)             Requested size: 357.73561pt x 328.8277pt.
 [77 <./psi_b-6_polo1.png>]
<starplot_rho_b-6_toro1.png, id=698, 793.93758pt x 783.61328pt>
File: starplot_rho_b-6_toro1.png Graphic file (type png)
<use starplot_rho_b-6_toro1.png>
Package pdftex.def Info: starplot_rho_b-6_toro1.png  used on input line 2771.
(pdftex.def)             Requested size: 469.76382pt x 463.65504pt.
File: starplot_rho_b-6_toro1.png Graphic file (type png)
<use starplot_rho_b-6_toro1.png>
Package pdftex.def Info: starplot_rho_b-6_toro1.png  used on input line 2771.
(pdftex.def)             Requested size: 457.77046pt x 451.8057pt.
 [78 <./bpol_b-6_polo1.png>]
<starplot_chi_b-6_toro1.png, id=704, 793.93758pt x 775.35385pt>
File: starplot_chi_b-6_toro1.png Graphic file (type png)
<use starplot_chi_b-6_toro1.png>
Package pdftex.def Info: starplot_chi_b-6_toro1.png  used on input line 2791.
(pdftex.def)             Requested size: 469.76382pt x 458.75621pt.
File: starplot_chi_b-6_toro1.png Graphic file (type png)
<use starplot_chi_b-6_toro1.png>
Package pdftex.def Info: starplot_chi_b-6_toro1.png  used on input line 2791.
(pdftex.def)             Requested size: 457.77046pt x 447.0436pt.
 [79 <./starplot_rho_b-6_toro1.png>]
<starplot_b_b-6_toro1.png, id=710, 793.93758pt x 782.58086pt>
File: starplot_b_b-6_toro1.png Graphic file (type png)
<use starplot_b_b-6_toro1.png>
Package pdftex.def Info: starplot_b_b-6_toro1.png  used on input line 2811.
(pdftex.def)             Requested size: 469.76382pt x 463.04417pt.
File: starplot_b_b-6_toro1.png Graphic file (type png)
<use starplot_b_b-6_toro1.png>
Package pdftex.def Info: starplot_b_b-6_toro1.png  used on input line 2811.
(pdftex.def)             Requested size: 457.77046pt x 451.21045pt.
 [80 <./starplot_chi_b-6_toro1.png>]
<rho_b-6_toro1.png, id=716, 356.2911pt x 328.8285pt>
File: rho_b-6_toro1.png Graphic file (type png)
<use rho_b-6_toro1.png>
Package pdftex.def Info: rho_b-6_toro1.png  used on input line 2831.
(pdftex.def)             Requested size: 356.29022pt x 328.8277pt.
File: rho_b-6_toro1.png Graphic file (type png)
<use rho_b-6_toro1.png>
Package pdftex.def Info: rho_b-6_toro1.png  used on input line 2831.
(pdftex.def)             Requested size: 356.29022pt x 328.8277pt.
 [81 <./starplot_b_b-6_toro1.png>]
<p_b-6_toro1.png, id=723, 356.2911pt x 328.8285pt>
File: p_b-6_toro1.png Graphic file (type png)
<use p_b-6_toro1.png>
Package pdftex.def Info: p_b-6_toro1.png  used on input line 2851.
(pdftex.def)             Requested size: 356.29022pt x 328.8277pt.
File: p_b-6_toro1.png Graphic file (type png)
<use p_b-6_toro1.png>
Package pdftex.def Info: p_b-6_toro1.png  used on input line 2851.
(pdftex.def)             Requested size: 356.29022pt x 328.8277pt.
 [82 <./rho_b-6_toro1.png>]
<chi_b-6_toro1.png, id=729, 352.6776pt x 328.8285pt>
File: chi_b-6_toro1.png Graphic file (type png)
<use chi_b-6_toro1.png>
Package pdftex.def Info: chi_b-6_toro1.png  used on input line 2871.
(pdftex.def)             Requested size: 352.67673pt x 328.8277pt.
File: chi_b-6_toro1.png Graphic file (type png)
<use chi_b-6_toro1.png>
Package pdftex.def Info: chi_b-6_toro1.png  used on input line 2871.
(pdftex.def)             Requested size: 352.67673pt x 328.8277pt.

[83 <./p_b-6_toro1.png>]
<alpha_b-6_toro1.png, id=735, 362.0727pt x 328.8285pt>
File: alpha_b-6_toro1.png Graphic file (type png)
<use alpha_b-6_toro1.png>
Package pdftex.def Info: alpha_b-6_toro1.png  used on input line 2891.
(pdftex.def)             Requested size: 362.07181pt x 328.8277pt.
File: alpha_b-6_toro1.png Graphic file (type png)
<use alpha_b-6_toro1.png>
Package pdftex.def Info: alpha_b-6_toro1.png  used on input line 2891.
(pdftex.def)             Requested size: 362.07181pt x 328.8277pt.
 [84 <./chi_b-6_toro1.png>]
<psi_b-6_toro1.png, id=741, 362.0727pt x 328.8285pt>
File: psi_b-6_toro1.png Graphic file (type png)
<use psi_b-6_toro1.png>
Package pdftex.def Info: psi_b-6_toro1.png  used on input line 2911.
(pdftex.def)             Requested size: 362.07181pt x 328.8277pt.
File: psi_b-6_toro1.png Graphic file (type png)
<use psi_b-6_toro1.png>
Package pdftex.def Info: psi_b-6_toro1.png  used on input line 2911.
(pdftex.def)             Requested size: 362.07181pt x 328.8277pt.
 [85 <./alpha_b-6_toro1.png>]
<btor_b-6_toro1.png, id=747, 355.5684pt x 328.8285pt>
File: btor_b-6_toro1.png Graphic file (type png)
<use btor_b-6_toro1.png>
Package pdftex.def Info: btor_b-6_toro1.png  used on input line 2931.
(pdftex.def)             Requested size: 355.56752pt x 328.8277pt.
File: btor_b-6_toro1.png Graphic file (type png)
<use btor_b-6_toro1.png>
Package pdftex.def Info: btor_b-6_toro1.png  used on input line 2931.
(pdftex.def)             Requested size: 355.56752pt x 328.8277pt.
 [86 <./psi_b-6_toro1.png>] [87 <./btor_b-6_toro1.png>] [88

]
Chapter 8.
(./xns.ind) [89] (./xns.aux)
Package rerunfilecheck Info: File `xns.out' has not changed.
(rerunfilecheck)             Checksum: A76221E501EB98F3F2C4280FCBC42D9F;10793.
 ) 
Here is how much of TeX's memory you used:
 15441 strings out of 480954
 240492 string characters out of 5907460
 574450 words of memory out of 5000000
 32080 multiletter control sequences out of 15000+600000
 454286 words of font info for 67 fonts, out of 8000000 for 9000
 15 hyphenation exceptions out of 8191
 83i,14n,88p,1657b,548s stack positions out of 5000i,500n,10000p,200000b,80000s
{/opt/local/share/texmf-texlive/fonts/enc/dvips/tex-gyre/q-ec.enc}{/opt/local
/share/texmf-texlive/fonts/enc/dvips/tex-gyre/q-ts1.enc}</opt/local/share/texmf
-texlive/fonts/type1/public/amsfonts/cm/cmex10.pfb></opt/local/share/texmf-texl
ive/fonts/type1/public/amsfonts/cm/cmmi10.pfb></opt/local/share/texmf-texlive/f
onts/type1/public/amsfonts/cm/cmmi5.pfb></opt/local/share/texmf-texlive/fonts/t
ype1/public/amsfonts/cm/cmmi7.pfb></opt/local/share/texmf-texlive/fonts/type1/p
ublic/amsfonts/cm/cmr10.pfb></opt/local/share/texmf-texlive/fonts/type1/public/
amsfonts/cm/cmr5.pfb></opt/local/share/texmf-texlive/fonts/type1/public/amsfont
s/cm/cmr7.pfb></opt/local/share/texmf-texlive/fonts/type1/public/amsfonts/cm/cm
sy10.pfb></opt/local/share/texmf-texlive/fonts/type1/public/amsfonts/cm/cmsy5.p
fb></opt/local/share/texmf-texlive/fonts/type1/public/amsfonts/cm/cmsy7.pfb></o
pt/local/share/texmf-texlive/fonts/type1/public/tex-gyre/qhvb.pfb></opt/local/s
hare/texmf-texlive/fonts/type1/public/tex-gyre/qhvbi.pfb></opt/local/share/texm
f-texlive/fonts/type1/public/tex-gyre/qtmb.pfb></opt/local/share/texmf-texlive/
fonts/type1/public/tex-gyre/qtmr.pfb></opt/local/share/texmf-texlive/fonts/type
1/public/tex-gyre/qtmri.pfb></opt/local/share/texmf-texlive/fonts/type1/public/
txfonts/t1xtt.pfb></opt/local/share/texmf-texlive/fonts/type1/public/txfonts/tc
xtt.pfb>
Output written on xns.pdf (93 pages, 3286072 bytes).
PDF statistics:
 860 PDF objects out of 1000 (max. 8388607)
 608 compressed objects within 7 object streams
 139 named destinations out of 1000 (max. 500000)
 701 words of extra memory for PDF output out of 10000 (max. 10000000)

